<?xml version="1.0" encoding="UTF-8"?>
<testng-results ignored="0" total="1" passed="1" failed="0" skipped="0">
  <reporter-output>
  </reporter-output>
  <suite started-at="2021-09-27T00:16:33Z" name="Default suite" finished-at="2021-09-27T00:16:57Z" duration-ms="23982">
    <groups>
    </groups>
    <test started-at="2021-09-27T00:16:33Z" name="Default test" finished-at="2021-09-27T00:16:57Z" duration-ms="23982">
      <class name="signInProject.SignInWithEmailTest">
        <test-method signature="signInWithEmail()[pri:0, instance:signInProject.SignInWithEmailTest@3eb81efb]" started-at="2021-09-27T00:16:33Z" name="signInWithEmail" finished-at="2021-09-27T00:16:57Z" duration-ms="23960" status="PASS">
          <reporter-output>
          </reporter-output>
        </test-method> <!-- signInWithEmail -->
      </class> <!-- signInProject.SignInWithEmailTest -->
    </test> <!-- Default test -->
  </suite> <!-- Default suite -->
</testng-results>
